
RAxML-NG v. 1.2.0 released on 09.05.2023 by The Exelixis Lab.
Developed by: Alexey M. Kozlov and Alexandros Stamatakis.
Contributors: Diego Darriba, Tomas Flouri, Benoit Morel, Sarah Lutteropp, Ben Bettisworth, Julia Haag, Anastasis Togkousidis.
Latest version: https://github.com/amkozlov/raxml-ng
Questions/problems/suggestions? Please visit: https://groups.google.com/forum/#!forum/raxml

System: Apple M1, 8 cores, 8 GB RAM

RAxML-NG was called at 22-Jan-2024 11:54:56 as follows:

./raxml-ng --ancestral --msa ./data/drsm2_aligned_MUCSLE.fasta --tree ./data/drsm2_aligned_MUCSLE.fasta.treefile --msa-format FASTA --data-type AA --model WAG+G+I

Analysis options:
  run mode: Ancestral state reconstruction
  start tree(s): user
  random seed: 1705946096
  tip-inner: ON
  pattern compression: OFF
  per-rate scalers: OFF
  site repeats: OFF
  logLH epsilon: general: 10.000000, brlen-triplet: 1000.000000
  branch lengths: proportional (ML estimate, algorithm: NR-FAST)
  SIMD kernels: SSE3
  parallelization: coarse-grained (auto), PTHREADS (auto)

[00:00:00] Reading alignment from file: ./data/drsm2_aligned_MUCSLE.fasta
[00:00:00] Loaded alignment with 1497 taxa and 145 sites

WARNING: Sequences 293335075_Zea_mays and 670443376_Zea_mays are exactly identical!
WARNING: Sequences 695007324_Musa_acuminata and 695007326_Musa_acuminata are exactly identical!
WARNING: Sequences 695007324_Musa_acuminata and 695007320_Musa_acuminata are exactly identical!
WARNING: Sequences 695007324_Musa_acuminata and 695007322_Musa_acuminata are exactly identical!
WARNING: Sequences 695007324_Musa_acuminata and 695007328_Musa_acuminata are exactly identical!
WARNING: Sequences 695007324_Musa_acuminata and 695007330_Musa_acuminata are exactly identical!
WARNING: Sequences 944237225_Setaria_italica and 514795435_Setaria_italica are exactly identical!
WARNING: Sequences 670357787_Zea_mays and 414870580_Zea_mays are exactly identical!
WARNING: Sequences 769805912_Amborella_trichopoda and 769805910_Amborella_trichopoda are exactly identical!
WARNING: Sequences 848863671_Erythranthe_guttata and 604342269_Mimulus_guttatus are exactly identical!
WARNING: Sequences 747098252_Sesamum_indicum and 747098254_Sesamum_indicum are exactly identical!
WARNING: Sequences 657978763_Malus_domestica and 694392740_Pyrus_x are exactly identical!
WARNING: Sequences 657978763_Malus_domestica and 658026352_Malus_domestica are exactly identical!
WARNING: Sequences 743794512_Elaeis_guineensis and 743794508_Elaeis_guineensis are exactly identical!
WARNING: Sequences 672181507_Phoenix_dactylifera and 672181509_Phoenix_dactylifera are exactly identical!
WARNING: Sequences 672181507_Phoenix_dactylifera and 672181511_Phoenix_dactylifera are exactly identical!
WARNING: Sequences 743758056_Elaeis_guineensis and 743758060_Elaeis_guineensis are exactly identical!
WARNING: Sequences 743758056_Elaeis_guineensis and 743758058_Elaeis_guineensis are exactly identical!
WARNING: Sequences 593490045_Phaseolus_vulgaris and 593490047_Phaseolus_vulgaris are exactly identical!
WARNING: Sequences 641844199_Citrus_sinensis and 641844200_Citrus_sinensis are exactly identical!
WARNING: Sequences 641844199_Citrus_sinensis and 567876089_Citrus_clementina are exactly identical!
WARNING: Sequences 641844199_Citrus_sinensis and 568857173_Citrus_sinensis are exactly identical!
WARNING: Sequences 641844199_Citrus_sinensis and 567876087_Citrus_clementina are exactly identical!
WARNING: Sequences 731417500_Vitis_vinifera and 731417508_Vitis_vinifera are exactly identical!
WARNING: Sequences 731417500_Vitis_vinifera and 359488195_Vitis_vinifera are exactly identical!
WARNING: Sequences 743821400_Populus_euphratica and 743821405_Populus_euphratica are exactly identical!
WARNING: Sequences 743821400_Populus_euphratica and 743821409_Populus_euphratica are exactly identical!
WARNING: Sequences 823205315_Gossypium_raimondii and 763781139_Gossypium_raimondii are exactly identical!
WARNING: Sequences 823205315_Gossypium_raimondii and 823205297_Gossypium_raimondii are exactly identical!
WARNING: Sequences 823205315_Gossypium_raimondii and 763781141_Gossypium_raimondii are exactly identical!
WARNING: Sequences 565341775_Solanum_tuberosum and 565341777_Solanum_tuberosum are exactly identical!
WARNING: Sequences 548856532_Amborella_trichopoda and 769802110_Amborella_trichopoda are exactly identical!
WARNING: Sequences 50511727_Brassica_oleracea and 922481856_Brassica_oleracea are exactly identical!
WARNING: Sequences 674938331_Brassica_napus and 27262831_Brassica_oleracea are exactly identical!
WARNING: Sequences 674938331_Brassica_napus and 27262837_Brassica_oleracea are exactly identical!
WARNING: Sequences 674938331_Brassica_napus and 27262835_Brassica_oleracea are exactly identical!
WARNING: Sequences 674938331_Brassica_napus and 937574938_Brassica_napus are exactly identical!
WARNING: Sequences 674938331_Brassica_napus and 50511725_Brassica_rapa are exactly identical!
WARNING: Sequences 674938331_Brassica_napus and 923818876_Brassica_napus are exactly identical!
WARNING: Sequences 674938331_Brassica_napus and 674939808_Brassica_napus are exactly identical!
WARNING: Sequences 674938331_Brassica_napus and 27262829_Brassica_rapa are exactly identical!
WARNING: Sequences 923631648_Brassica_napus and 922548223_Brassica_oleracea are exactly identical!
WARNING: Sequences 923631648_Brassica_napus and 50511729_Brassica_oleracea are exactly identical!
WARNING: Sequences 923631648_Brassica_napus and 50511733_Brassica_napus are exactly identical!
WARNING: Sequences 923694735_Brassica_napus and 674901860_Brassica_napus are exactly identical!
WARNING: Sequences 645224715_Prunus_mume and 596158920_Prunus_persica are exactly identical!
WARNING: Sequences 922376228_Medicago_truncatula and 922382936_Medicago_truncatula are exactly identical!
WARNING: Sequences 226506372_Zea_mays and 670373461_Zea_mays are exactly identical!
WARNING: Sequences 593268297_Phaseolus_vulgaris and 571459766_Glycine_max are exactly identical!
WARNING: Sequences 593268297_Phaseolus_vulgaris and 255637537_Glycine_max are exactly identical!
WARNING: Sequences 593268297_Phaseolus_vulgaris and 734339571_Glycine_soja are exactly identical!
WARNING: Sequences 593268297_Phaseolus_vulgaris and 356515734_Glycine_max are exactly identical!
WARNING: Sequences 593268297_Phaseolus_vulgaris and 356510122_Glycine_max are exactly identical!
WARNING: Sequences 778671812_Cucumis_sativus and 778671815_Cucumis_sativus are exactly identical!
WARNING: Sequences 778671812_Cucumis_sativus and 659088314_Cucumis_melo are exactly identical!
WARNING: Sequences 778671812_Cucumis_sativus and 659088316_Cucumis_melo are exactly identical!
WARNING: Sequences 743878335_Populus_euphratica and 743803008_Populus_euphratica are exactly identical!
WARNING: Sequences 823228547_Gossypium_raimondii and 823228543_Gossypium_raimondii are exactly identical!
WARNING: Sequences 302142076_Vitis_vinifera and 225459069_Vitis_vinifera are exactly identical!
WARNING: Sequences 590596107_Theobroma_cacao and 590596103_Theobroma_cacao are exactly identical!
WARNING: Sequences 593691713_Phaseolus_vulgaris and 593691717_Phaseolus_vulgaris are exactly identical!
WARNING: Sequences 593691713_Phaseolus_vulgaris and 593691715_Phaseolus_vulgaris are exactly identical!
WARNING: Sequences 823123879_Gossypium_raimondii and 823123881_Gossypium_raimondii are exactly identical!
WARNING: Sequences 823123879_Gossypium_raimondii and 763741681_Gossypium_raimondii are exactly identical!
WARNING: Sequences 947106758_Glycine_max and 571463467_Glycine_max are exactly identical!
WARNING: Sequences 944224280_Setaria_italica and 514816185_Setaria_italica are exactly identical!
WARNING: Sequences 920700956_Vigna_angularis and 950955318_Vigna_radiata are exactly identical!
WARNING: Sequences 920700956_Vigna_angularis and 593699464_Phaseolus_vulgaris are exactly identical!
WARNING: Sequences 645217404_Prunus_mume and 595833741_Prunus_persica are exactly identical!
WARNING: Sequences 727477418_Camelina_sativa and 727457477_Camelina_sativa are exactly identical!
WARNING: Sequences 922476557_Brassica_oleracea and 297822435_Arabidopsis_lyrata are exactly identical!
WARNING: Sequences 922476557_Brassica_oleracea and 685300330_Brassica_rapa are exactly identical!
WARNING: Sequences 922476557_Brassica_oleracea and 567209597_Eutrema_salsugineum are exactly identical!
WARNING: Sequences 922476557_Brassica_oleracea and 674956466_Brassica_napus are exactly identical!
WARNING: Sequences 922476557_Brassica_oleracea and 674902431_Brassica_napus are exactly identical!
WARNING: Sequences 922476557_Brassica_oleracea and 923610885_Brassica_napus are exactly identical!
WARNING: Sequences 922476557_Brassica_oleracea and 923610892_Brassica_napus are exactly identical!
WARNING: Sequences 922476557_Brassica_oleracea and 18401724_Arabidopsis_thaliana are exactly identical!
WARNING: Sequences 922476557_Brassica_oleracea and 923532000_Brassica_napus are exactly identical!
WARNING: Sequences 922476557_Brassica_oleracea and 923678988_Brassica_napus are exactly identical!
WARNING: Sequences 674928859_Brassica_napus and 923661406_Brassica_napus are exactly identical!
WARNING: Sequences 674928859_Brassica_napus and 685331770_Brassica_rapa are exactly identical!
WARNING: Sequences 729317248_Cleome_hassleriana and 729317245_Cleome_hassleriana are exactly identical!
WARNING: Sequences 769798757_Amborella_trichopoda and 548859212_Amborella_trichopoda are exactly identical!
WARNING: Sequences 548847048_Amborella_trichopoda and 769811639_Amborella_trichopoda are exactly identical!
WARNING: Sequences 670372533_Zea_mays and 670372531_Zea_mays are exactly identical!
WARNING: Sequences 670372533_Zea_mays and 195641916_Zea_mays are exactly identical!
WARNING: Sequences 573958423_Oryza_brachyantha and 215764986_Oryza_sativa are exactly identical!
WARNING: Sequences 573958423_Oryza_brachyantha and 222641889_Oryza_sativa are exactly identical!
WARNING: Sequences 573958423_Oryza_brachyantha and 125564316_Oryza_sativa are exactly identical!
WARNING: Sequences 923608188_Brassica_napus and 685298583_Brassica_rapa are exactly identical!
WARNING: Sequences 923608188_Brassica_napus and 923799979_Brassica_napus are exactly identical!
WARNING: Sequences 30693732_Arabidopsis_thaliana and 9759153_Arabidopsis_thaliana are exactly identical!
WARNING: Sequences 727533565_Camelina_sativa and 727556879_Camelina_sativa are exactly identical!
WARNING: Sequences 823196435_Gossypium_raimondii and 823196432_Gossypium_raimondii are exactly identical!
WARNING: Sequences 604321264_Mimulus_guttatus and 848887615_Mimulus_guttatus are exactly identical!
WARNING: Sequences 734425552_Glycine_soja and 734320757_Glycine_soja are exactly identical!
WARNING: Sequences 734425552_Glycine_soja and 955313363_Glycine_max are exactly identical!
WARNING: Sequences 727442301_Camelina_sativa and 727465024_Camelina_sativa are exactly identical!
WARNING: Sequences 674920922_Brassica_napus and 685352390_Brassica_rapa are exactly identical!
WARNING: Sequences 674920922_Brassica_napus and 685352393_Brassica_rapa are exactly identical!
WARNING: Sequences 923645744_Brassica_napus and 923645742_Brassica_napus are exactly identical!
WARNING: Sequences 923645744_Brassica_napus and 685277029_Brassica_rapa are exactly identical!
WARNING: Sequences 923645744_Brassica_napus and 922570073_Brassica_oleracea are exactly identical!
WARNING: Sequences 297818244_Arabidopsis_lyrata and 79420704_Arabidopsis_thaliana are exactly identical!
WARNING: Sequences 413917728_Zea_mays and 226498844_Zea_mays are exactly identical!
WARNING: Sequences 147820257_Vitis_vinifera and 731418538_Vitis_vinifera are exactly identical!
WARNING: Sequences 595950134_Prunus_persica and 645250127_Prunus_mume are exactly identical!
WARNING: Sequences 568829036_Citrus_sinensis and 567909385_Citrus_clementina are exactly identical!
WARNING: Sequences 568829036_Citrus_sinensis and 641844967_Citrus_sinensis are exactly identical!
WARNING: Sequences 568829036_Citrus_sinensis and 590647610_Theobroma_cacao are exactly identical!
WARNING: Sequences 802564353_Jatropha_curcas and 802564358_Jatropha_curcas are exactly identical!
WARNING: Sequences 657974504_Malus_domestica and 694439899_Pyrus_x are exactly identical!
WARNING: Sequences 657974504_Malus_domestica and 694439897_Pyrus_x are exactly identical!
WARNING: Sequences 743937030_Populus_euphratica and 566212433_Populus_trichocarpa are exactly identical!
WARNING: Sequences 743856239_Elaeis_guineensis and 743856235_Elaeis_guineensis are exactly identical!
WARNING: Sequences 695024091_Musa_acuminata and 102139807_Musa_acuminata are exactly identical!
WARNING: Sequences 568871976_Citrus_sinensis and 641856296_Citrus_sinensis are exactly identical!
WARNING: Sequences 731416607_Vitis_vinifera and 298204936_Vitis_vinifera are exactly identical!
WARNING: Sequences 743802890_Elaeis_guineensis and 743802872_Elaeis_guineensis are exactly identical!
WARNING: Sequences 672134164_Phoenix_dactylifera and 672187001_Phoenix_dactylifera are exactly identical!
WARNING: Sequences 743886631_Elaeis_guineensis and 743886627_Elaeis_guineensis are exactly identical!
WARNING: Sequences 702492452_Eucalyptus_grandis and 702492455_Eucalyptus_grandis are exactly identical!
WARNING: Sequences 923878691_Brassica_napus and 674956595_Brassica_napus are exactly identical!
WARNING: Sequences 923878691_Brassica_napus and 922552260_Brassica_oleracea are exactly identical!
WARNING: Sequences 685365673_Brassica_rapa and 923890960_Brassica_napus are exactly identical!
WARNING: Sequences 685365673_Brassica_rapa and 674921791_Brassica_napus are exactly identical!
WARNING: Sequences 727461900_Camelina_sativa and 727461897_Camelina_sativa are exactly identical!
WARNING: Sequences 18389232_Arabidopsis_thaliana and 22331912_Arabidopsis_thaliana are exactly identical!
WARNING: Sequences 18389232_Arabidopsis_thaliana and 7362760_Arabidopsis_thaliana are exactly identical!
WARNING: Sequences 18389232_Arabidopsis_thaliana and 238480134_Arabidopsis_thaliana are exactly identical!
WARNING: Sequences 723657405_Solanum_lycopersicum and 723657402_Solanum_lycopersicum are exactly identical!
WARNING: Sequences 698549742_Nicotiana_sylvestris and 698549745_Nicotiana_sylvestris are exactly identical!
WARNING: Sequences 743942271_Populus_euphratica and 743942265_Populus_euphratica are exactly identical!
WARNING: Sequences 743942271_Populus_euphratica and 743942269_Populus_euphratica are exactly identical!
WARNING: Sequences 743942271_Populus_euphratica and 743942263_Populus_euphratica are exactly identical!
WARNING: Sequences 743942271_Populus_euphratica and 743942267_Populus_euphratica are exactly identical!
WARNING: Sequences 743942271_Populus_euphratica and 743942257_Populus_euphratica are exactly identical!
WARNING: Sequences 763813915_Gossypium_raimondii and 763813912_Gossypium_raimondii are exactly identical!
WARNING: Sequences 641835991_Citrus_sinensis and 641835988_Citrus_sinensis are exactly identical!
WARNING: Sequences 823389157_Trichechus_manatus and 953879217_Equus_caballus are exactly identical!
WARNING: Sequences 546681032_Dendroctonus_ponderosae and 478253762_Dendroctonus_ponderosae are exactly identical!
WARNING: Sequences 669304830_Trichuris_suis and 669320784_Trichuris_suis are exactly identical!
WARNING: Sequences 910342418_Papilio_xuthus and 930658899_Papilio_xuthus are exactly identical!
WARNING: Sequences 913312182_Amyelois_transitella and 913312184_Amyelois_transitella are exactly identical!
WARNING: Sequences 939653111_Halyomorpha_halys and 939653108_Halyomorpha_halys are exactly identical!
WARNING: Sequences 936703269_Trichogramma_pretiosum and 936703267_Trichogramma_pretiosum are exactly identical!
WARNING: Sequences 195147336_Drosophila_persimilis and 198473861_Drosophila_pseudoobscura are exactly identical!
WARNING: Sequences 194765667_Drosophila_ananassae and 82469808_Drosophila_pallidosa are exactly identical!
WARNING: Sequences 82469818_Drosophila_sechellia and 195339009_Drosophila_sechellia are exactly identical!
WARNING: Sequences 82469818_Drosophila_sechellia and 82469804_Drosophila_mauritiana are exactly identical!
WARNING: Sequences 82469818_Drosophila_sechellia and 82469846_Drosophila_simulans are exactly identical!
WARNING: Sequences 82469818_Drosophila_sechellia and 82469844_Drosophila_simulans are exactly identical!
WARNING: Sequences 82469818_Drosophila_sechellia and 82469842_Drosophila_simulans are exactly identical!
WARNING: Sequences 82469818_Drosophila_sechellia and 82469848_Drosophila_simulans are exactly identical!
WARNING: Sequences 82469826_Drosophila_melanogaster and 82469834_Drosophila_melanogaster are exactly identical!
WARNING: Sequences 82469838_Drosophila_melanogaster and 82469836_Drosophila_melanogaster are exactly identical!
WARNING: Sequences 82469838_Drosophila_melanogaster and 82469828_Drosophila_melanogaster are exactly identical!
WARNING: Sequences 82469838_Drosophila_melanogaster and 24582609_Drosophila_melanogaster are exactly identical!
WARNING: Sequences 82469810_Drosophila_paralutea and 82469812_Drosophila_prostipennis are exactly identical!
WARNING: Sequences 82469810_Drosophila_paralutea and 82469822_Drosophila_takahashii are exactly identical!
WARNING: Sequences 82469816_Drosophila_santomea and 82469820_Drosophila_teissieri are exactly identical!
WARNING: Sequences 82469860_Drosophila_yakuba and 195471419_Drosophila_yakuba are exactly identical!
WARNING: Sequences 82469860_Drosophila_yakuba and 82469856_Drosophila_yakuba are exactly identical!
WARNING: Sequences 948284421_Bactrocera_dorsalis and 751792014_Bactrocera_dorsalis are exactly identical!
WARNING: Sequences 632940187_Callorhinchus_milii and 632940185_Callorhinchus_milii are exactly identical!
WARNING: Sequences 701320120_Nestor_notabilis and 677791343_Acanthisitta_chloris are exactly identical!
WARNING: Sequences 701320120_Nestor_notabilis and 701320116_Nestor_notabilis are exactly identical!
WARNING: Sequences 706106107_Colius_striatus and 706106110_Colius_striatus are exactly identical!
WARNING: Sequences 701353480_Tauraco_erythrolophus and 926499134_Apteryx_australis are exactly identical!
WARNING: Sequences 701353480_Tauraco_erythrolophus and 705676339_Chlamydotis_undulata are exactly identical!
WARNING: Sequences 701353480_Tauraco_erythrolophus and 700428563_Leptosomus_discolor are exactly identical!
WARNING: Sequences 701353480_Tauraco_erythrolophus and 700428561_Leptosomus_discolor are exactly identical!
WARNING: Sequences 701353480_Tauraco_erythrolophus and 704261901_Eurypyga_helias are exactly identical!
WARNING: Sequences 701353480_Tauraco_erythrolophus and 723131625_Phaethon_lepturus are exactly identical!
WARNING: Sequences 470605215_Tursiops_truncatus and 472368872_Odobenus_rosmarus are exactly identical!
WARNING: Sequences 470605215_Tursiops_truncatus and 507670008_Octodon_degus are exactly identical!
WARNING: Sequences 470605215_Tursiops_truncatus and 795591749_Cercocebus_atys are exactly identical!
WARNING: Sequences 470605215_Tursiops_truncatus and 685558549_Papio_anubis are exactly identical!
WARNING: Sequences 470605215_Tursiops_truncatus and 545821285_Sus_scrofa are exactly identical!
WARNING: Sequences 470605215_Tursiops_truncatus and 927118303_Sus_scrofa are exactly identical!
WARNING: Sequences 470605215_Tursiops_truncatus and 426359920_Gorilla_gorilla are exactly identical!
WARNING: Sequences 470605215_Tursiops_truncatus and 635048708_Chlorocebus_sabaeus are exactly identical!
WARNING: Sequences 470605215_Tursiops_truncatus and 50949968_Homo_sapiens are exactly identical!
WARNING: Sequences 470605215_Tursiops_truncatus and 256419001_Homo_sapiens are exactly identical!
WARNING: Sequences 677451253_Nestor_notabilis and 701303565_Nestor_notabilis are exactly identical!
WARNING: Sequences 677451253_Nestor_notabilis and 701303567_Nestor_notabilis are exactly identical!
WARNING: Sequences 677451253_Nestor_notabilis and 701303561_Nestor_notabilis are exactly identical!
WARNING: Sequences 677451253_Nestor_notabilis and 701303563_Nestor_notabilis are exactly identical!
WARNING: Sequences 686608657_Aptenodytes_forsteri and 675628717_Merops_nubicus are exactly identical!
WARNING: Sequences 686608657_Aptenodytes_forsteri and 675628713_Merops_nubicus are exactly identical!
WARNING: Sequences 686608657_Aptenodytes_forsteri and 675628715_Merops_nubicus are exactly identical!
WARNING: Sequences 686608657_Aptenodytes_forsteri and 677434604_Merops_nubicus are exactly identical!
WARNING: Sequences 847029356_Jaculus_jaculus and 507560458_Jaculus_jaculus are exactly identical!
WARNING: Sequences 611979513_Monodelphis_domestica and 821459497_Sarcophilus_harrisii are exactly identical!
WARNING: Sequences 611979513_Monodelphis_domestica and 821459499_Sarcophilus_harrisii are exactly identical!
WARNING: Sequences 611979513_Monodelphis_domestica and 821459507_Sarcophilus_harrisii are exactly identical!
WARNING: Sequences 611979513_Monodelphis_domestica and 821459503_Sarcophilus_harrisii are exactly identical!
WARNING: Sequences 830068151_Condylura_cristata and 830068129_Condylura_cristata are exactly identical!
WARNING: Sequences 830068151_Condylura_cristata and 830068107_Condylura_cristata are exactly identical!
WARNING: Sequences 830068151_Condylura_cristata and 830068087_Condylura_cristata are exactly identical!
WARNING: Sequences 671010832_Ursus_maritimus and 671010836_Ursus_maritimus are exactly identical!
WARNING: Sequences 671010832_Ursus_maritimus and 671010838_Ursus_maritimus are exactly identical!
WARNING: Sequences 671010832_Ursus_maritimus and 752381265_Ailuropoda_melanoleuca are exactly identical!
WARNING: Sequences 671010832_Ursus_maritimus and 752381261_Ailuropoda_melanoleuca are exactly identical!
WARNING: Sequences 671010832_Ursus_maritimus and 752381263_Ailuropoda_melanoleuca are exactly identical!
WARNING: Sequences 671010832_Ursus_maritimus and 884908539_Cavia_porcellus are exactly identical!
WARNING: Sequences 667325243_Galeopterus_variegatus and 444731362_Tupaia_chinensis are exactly identical!
WARNING: Sequences 351703077_Heterocephalus_glaber and 512992994_Heterocephalus_glaber are exactly identical!
WARNING: Sequences 351703077_Heterocephalus_glaber and 731203302_Fukomys_damarensis are exactly identical!
WARNING: Sequences 351703077_Heterocephalus_glaber and 731203305_Fukomys_damarensis are exactly identical!
WARNING: Sequences 351703077_Heterocephalus_glaber and 731203300_Fukomys_damarensis are exactly identical!
WARNING: Sequences 351703077_Heterocephalus_glaber and 918610582_Chinchilla_lanigera are exactly identical!
WARNING: Sequences 351703077_Heterocephalus_glaber and 676282388_Fukomys_damarensis are exactly identical!
WARNING: Sequences 351703077_Heterocephalus_glaber and 512992996_Heterocephalus_glaber are exactly identical!
WARNING: Sequences 351703077_Heterocephalus_glaber and 512992998_Heterocephalus_glaber are exactly identical!
WARNING: Sequences 625198483_Cricetulus_griseus and 625198481_Cricetulus_griseus are exactly identical!
WARNING: Sequences 625198483_Cricetulus_griseus and 537151263_Cricetulus_griseus are exactly identical!
WARNING: Sequences 625198483_Cricetulus_griseus and 625198479_Cricetulus_griseus are exactly identical!
WARNING: Sequences 625198483_Cricetulus_griseus and 537151264_Cricetulus_griseus are exactly identical!
WARNING: Sequences 530418339_Homo_sapiens and 441638303_Nomascus_leucogenys are exactly identical!
WARNING: Sequences 530418339_Homo_sapiens and 675701639_Pan_paniscus are exactly identical!
WARNING: Sequences 530418339_Homo_sapiens and 675701633_Pan_paniscus are exactly identical!
WARNING: Sequences 530418339_Homo_sapiens and 675701630_Pan_paniscus are exactly identical!
WARNING: Sequences 530418339_Homo_sapiens and 768018179_Homo_sapiens are exactly identical!
WARNING: Sequences 530418339_Homo_sapiens and 759137057_Pteropus_vampyrus are exactly identical!
WARNING: Sequences 530418339_Homo_sapiens and 332207751_Nomascus_leucogenys are exactly identical!
WARNING: Sequences 530418339_Homo_sapiens and 759137070_Pteropus_vampyrus are exactly identical!
WARNING: Sequences 530418339_Homo_sapiens and 4335949_Homo_sapiens are exactly identical!
WARNING: Sequences 530418339_Homo_sapiens and 530418341_Homo_sapiens are exactly identical!
WARNING: Sequences 530418339_Homo_sapiens and 675701636_Pan_paniscus are exactly identical!
WARNING: Sequences 530418339_Homo_sapiens and 4572588_Homo_sapiens are exactly identical!
WARNING: Sequences 530418339_Homo_sapiens and 532079031_Ictidomys_tridecemlineatus are exactly identical!
WARNING: Sequences 530418339_Homo_sapiens and 4335947_Homo_sapiens are exactly identical!
WARNING: Sequences 530418339_Homo_sapiens and 158256406_Homo_sapiens are exactly identical!
WARNING: Sequences 530418339_Homo_sapiens and 914907914_Ictidomys_tridecemlineatus are exactly identical!
WARNING: Sequences 530418339_Homo_sapiens and 914907912_Ictidomys_tridecemlineatus are exactly identical!
WARNING: Sequences 530418339_Homo_sapiens and 914907910_Ictidomys_tridecemlineatus are exactly identical!
WARNING: Sequences 530418339_Homo_sapiens and 675701627_Pan_paniscus are exactly identical!
WARNING: Sequences 530418339_Homo_sapiens and 586534148_Pteropus_alecto are exactly identical!
WARNING: Sequences 530418339_Homo_sapiens and 209364604_Pongo_abelii are exactly identical!
WARNING: Sequences 530418339_Homo_sapiens and 586534150_Pteropus_alecto are exactly identical!
WARNING: Sequences 530418339_Homo_sapiens and 82659083_Homo_sapiens are exactly identical!
WARNING: Sequences 530418339_Homo_sapiens and 82659087_Homo_sapiens are exactly identical!
WARNING: Sequences 530418339_Homo_sapiens and 193787146_Homo_sapiens are exactly identical!
WARNING: Sequences 530418339_Homo_sapiens and 119596076_Homo_sapiens are exactly identical!
WARNING: Sequences 530418339_Homo_sapiens and 332207755_Nomascus_leucogenys are exactly identical!
WARNING: Sequences 530418339_Homo_sapiens and 586534152_Pteropus_alecto are exactly identical!
WARNING: Sequences 530418339_Homo_sapiens and 82659091_Homo_sapiens are exactly identical!
WARNING: Sequences 530418339_Homo_sapiens and 62088702_Homo_sapiens are exactly identical!
WARNING: Sequences 731487974_Loxodonta_africana and 731487971_Loxodonta_africana are exactly identical!
WARNING: Sequences 731487974_Loxodonta_africana and 731487969_Loxodonta_africana are exactly identical!
WARNING: Sequences 640807272_Tarsius_syrichta and 640807274_Tarsius_syrichta are exactly identical!
WARNING: Sequences 927215448_Sus_scrofa and 744560379_Camelus_dromedarius are exactly identical!
WARNING: Sequences 927215448_Sus_scrofa and 594675119_Balaenoptera_acutorostrata are exactly identical!
WARNING: Sequences 927215448_Sus_scrofa and 470653109_Tursiops_truncatus are exactly identical!
WARNING: Sequences 927215448_Sus_scrofa and 821418082_Orcinus_orca are exactly identical!
WARNING: Sequences 927215448_Sus_scrofa and 594675125_Balaenoptera_acutorostrata are exactly identical!
WARNING: Sequences 927215448_Sus_scrofa and 594675121_Balaenoptera_acutorostrata are exactly identical!
WARNING: Sequences 927215448_Sus_scrofa and 744560381_Camelus_dromedarius are exactly identical!
WARNING: Sequences 927215448_Sus_scrofa and 744560383_Camelus_dromedarius are exactly identical!
WARNING: Sequences 927215448_Sus_scrofa and 594675123_Balaenoptera_acutorostrata are exactly identical!
WARNING: Sequences 927215448_Sus_scrofa and 594675129_Balaenoptera_acutorostrata are exactly identical!
WARNING: Sequences 927215448_Sus_scrofa and 593707398_Physeter_catodon are exactly identical!
WARNING: Sequences 927215448_Sus_scrofa and 593707396_Physeter_catodon are exactly identical!
WARNING: Sequences 927215448_Sus_scrofa and 593707400_Physeter_catodon are exactly identical!
WARNING: Sequences 927215448_Sus_scrofa and 593707402_Physeter_catodon are exactly identical!
WARNING: Sequences 927215448_Sus_scrofa and 821418076_Orcinus_orca are exactly identical!
WARNING: Sequences 927215448_Sus_scrofa and 528768663_Camelus_ferus are exactly identical!
WARNING: Sequences 927215448_Sus_scrofa and 560897176_Camelus_ferus are exactly identical!
WARNING: Sequences 927215448_Sus_scrofa and 560968726_Vicugna_pacos are exactly identical!
WARNING: Sequences 926707798_Capra_hircus and 803137768_Ovis_aries are exactly identical!
WARNING: Sequences 926707798_Capra_hircus and 556780156_Pantholops_hodgsonii are exactly identical!
WARNING: Sequences 926707798_Capra_hircus and 803137763_Ovis_aries are exactly identical!
WARNING: Sequences 926707798_Capra_hircus and 548491766_Capra_hircus are exactly identical!
WARNING: Sequences 926707798_Capra_hircus and 803265442_Ovis_aries are exactly identical!
WARNING: Sequences 926707798_Capra_hircus and 926707802_Capra_hircus are exactly identical!
WARNING: Sequences 358415217_Bos_taurus and 742097585_Bison_bison are exactly identical!
WARNING: Sequences 358415217_Bos_taurus and 742097589_Bison_bison are exactly identical!
WARNING: Sequences 358415217_Bos_taurus and 440902185_Bos_mutus are exactly identical!
WARNING: Sequences 358415217_Bos_taurus and 528914177_Bos_taurus are exactly identical!
WARNING: Sequences 358415217_Bos_taurus and 528914173_Bos_taurus are exactly identical!
WARNING: Sequences 358415217_Bos_taurus and 151553859_Bos_taurus are exactly identical!
WARNING: Sequences 358415217_Bos_taurus and 528914164_Bos_taurus are exactly identical!
WARNING: Sequences 358415217_Bos_taurus and 528914168_Bos_taurus are exactly identical!
WARNING: Sequences 358415217_Bos_taurus and 742097581_Bison_bison are exactly identical!
WARNING: Sequences 558166530_Myotis_lucifugus and 584077404_Myotis_davidii are exactly identical!
WARNING: Sequences 831222328_Otolemur_garnettii and 831222318_Otolemur_garnettii are exactly identical!
WARNING: Sequences 831222328_Otolemur_garnettii and 831222322_Otolemur_garnettii are exactly identical!
WARNING: Sequences 831222328_Otolemur_garnettii and 831222324_Otolemur_garnettii are exactly identical!
WARNING: Sequences 831222328_Otolemur_garnettii and 617664175_Erinaceus_europaeus are exactly identical!
WARNING: Sequences 831222328_Otolemur_garnettii and 395829163_Otolemur_garnettii are exactly identical!
WARNING: Sequences 488579776_Dasypus_novemcinctus and 488579774_Dasypus_novemcinctus are exactly identical!
WARNING: Sequences 591302391_Panthera_tigris and 641701537_Eptesicus_fuscus are exactly identical!
WARNING: Sequences 591302391_Panthera_tigris and 554543306_Myotis_brandtii are exactly identical!
WARNING: Sequences 591302391_Panthera_tigris and 955517040_Ceratotherium_simum are exactly identical!
WARNING: Sequences 591302391_Panthera_tigris and 817304667_Aotus_nancymaae are exactly identical!
WARNING: Sequences 591302391_Panthera_tigris and 859773660_Mustela_putorius are exactly identical!
WARNING: Sequences 591302391_Panthera_tigris and 859773666_Mustela_putorius are exactly identical!
WARNING: Sequences 591302391_Panthera_tigris and 725579133_Saimiri_boliviensis are exactly identical!
WARNING: Sequences 591302391_Panthera_tigris and 725579131_Saimiri_boliviensis are exactly identical!
WARNING: Sequences 591302391_Panthera_tigris and 817304669_Aotus_nancymaae are exactly identical!
WARNING: Sequences 591302391_Panthera_tigris and 591302389_Panthera_tigris are exactly identical!
WARNING: Sequences 591302391_Panthera_tigris and 955517030_Ceratotherium_simum are exactly identical!
WARNING: Sequences 591302391_Panthera_tigris and 586980471_Felis_catus are exactly identical!
WARNING: Sequences 591302391_Panthera_tigris and 586980473_Felis_catus are exactly identical!
WARNING: Sequences 591302391_Panthera_tigris and 955517034_Ceratotherium_simum are exactly identical!
WARNING: Sequences 591302391_Panthera_tigris and 955517032_Ceratotherium_simum are exactly identical!
WARNING: Sequences 591302391_Panthera_tigris and 403282329_Saimiri_boliviensis are exactly identical!
WARNING: Sequences 591302391_Panthera_tigris and 675657056_Callithrix_jacchus are exactly identical!
WARNING: Sequences 591302391_Panthera_tigris and 296200670_Callithrix_jacchus are exactly identical!
WARNING: Sequences 591302391_Panthera_tigris and 511843713_Mustela_putorius are exactly identical!
WARNING: Sequences 826323131_Propithecus_coquereli and 826323134_Propithecus_coquereli are exactly identical!
WARNING: Sequences 830024615_Microcebus_murinus and 830024600_Microcebus_murinus are exactly identical!
WARNING: Sequences 830024615_Microcebus_murinus and 830024604_Microcebus_murinus are exactly identical!
WARNING: Sequences 830024615_Microcebus_murinus and 830024595_Microcebus_murinus are exactly identical!
WARNING: Sequences 471359485_Trichechus_manatus and 471359489_Trichechus_manatus are exactly identical!
WARNING: Sequences 958676907_Equus_asinus and 795446472_Cercocebus_atys are exactly identical!
WARNING: Sequences 958676907_Equus_asinus and 795224961_Mandrillus_leucophaeus are exactly identical!
WARNING: Sequences 958676907_Equus_asinus and 544466371_Macaca_fascicularis are exactly identical!
WARNING: Sequences 958676907_Equus_asinus and 795224940_Mandrillus_leucophaeus are exactly identical!
WARNING: Sequences 958676907_Equus_asinus and 545541014_Canis_lupus are exactly identical!
WARNING: Sequences 958676907_Equus_asinus and 90076086_Macaca_fascicularis are exactly identical!
WARNING: Sequences 958676907_Equus_asinus and 795224954_Mandrillus_leucophaeus are exactly identical!
WARNING: Sequences 958676907_Equus_asinus and 355563051_Macaca_mulatta are exactly identical!
WARNING: Sequences 958676907_Equus_asinus and 795446468_Cercocebus_atys are exactly identical!
WARNING: Sequences 958676907_Equus_asinus and 545541018_Canis_lupus are exactly identical!
WARNING: Sequences 958676907_Equus_asinus and 545541012_Canis_lupus are exactly identical!
WARNING: Sequences 958676907_Equus_asinus and 795350436_Colobus_angolensis are exactly identical!
WARNING: Sequences 958676907_Equus_asinus and 635020310_Chlorocebus_sabaeus are exactly identical!
WARNING: Sequences 958676907_Equus_asinus and 958676922_Equus_asinus are exactly identical!
WARNING: Sequences 958676907_Equus_asinus and 524948909_Mesocricetus_auratus are exactly identical!
WARNING: Sequences 958676907_Equus_asinus and 958676910_Equus_asinus are exactly identical!
WARNING: Sequences 958676907_Equus_asinus and 958676914_Equus_asinus are exactly identical!
WARNING: Sequences 958676907_Equus_asinus and 544466383_Macaca_fascicularis are exactly identical!
WARNING: Sequences 958676907_Equus_asinus and 544466381_Macaca_fascicularis are exactly identical!
WARNING: Sequences 958676907_Equus_asinus and 544466385_Macaca_fascicularis are exactly identical!
WARNING: Sequences 958676907_Equus_asinus and 544466375_Macaca_fascicularis are exactly identical!
WARNING: Sequences 958676907_Equus_asinus and 635020318_Chlorocebus_sabaeus are exactly identical!
WARNING: Sequences 958676907_Equus_asinus and 388490178_Macaca_mulatta are exactly identical!
WARNING: Sequences 958676907_Equus_asinus and 724924752_Rhinopithecus_roxellana are exactly identical!
WARNING: Sequences 958676907_Equus_asinus and 635020306_Chlorocebus_sabaeus are exactly identical!
WARNING: Sequences 958676907_Equus_asinus and 544466379_Macaca_fascicularis are exactly identical!
WARNING: Sequences 958676907_Equus_asinus and 635020312_Chlorocebus_sabaeus are exactly identical!
WARNING: Sequences 958676907_Equus_asinus and 880905485_Mesocricetus_auratus are exactly identical!
WARNING: Sequences 958676907_Equus_asinus and 545200638_Equus_caballus are exactly identical!
WARNING: Sequences 958676907_Equus_asinus and 545200633_Equus_caballus are exactly identical!
WARNING: Sequences 958676907_Equus_asinus and 544466377_Macaca_fascicularis are exactly identical!
WARNING: Sequences 958676907_Equus_asinus and 664762126_Equus_przewalskii are exactly identical!
WARNING: Sequences 958676907_Equus_asinus and 149733337_Equus_caballus are exactly identical!
WARNING: Sequences 958676907_Equus_asinus and 635020308_Chlorocebus_sabaeus are exactly identical!
WARNING: Sequences 16758178_Rattus_norvegicus and 51859122_Rattus_norvegicus are exactly identical!
WARNING: Sequences 16758178_Rattus_norvegicus and 158186644_Rattus_norvegicus are exactly identical!
WARNING: Sequences 51896012_Mus_musculus and 74198083_Mus_musculus are exactly identical!
WARNING: Sequences 51896012_Mus_musculus and 568916100_Mus_musculus are exactly identical!
WARNING: Sequences 51896012_Mus_musculus and 74145338_Mus_musculus are exactly identical!
WARNING: Sequences 51896012_Mus_musculus and 74214463_Mus_musculus are exactly identical!
WARNING: Sequences 51896012_Mus_musculus and 158186639_Mus_musculus are exactly identical!
WARNING: Sequences 51896012_Mus_musculus and 74137731_Mus_musculus are exactly identical!
WARNING: Sequences 51896012_Mus_musculus and 36963075_Mus_musculus are exactly identical!
WARNING: Sequences 51896012_Mus_musculus and 6755674_Mus_musculus are exactly identical!
WARNING: Sequences 51896012_Mus_musculus and 74204587_Mus_musculus are exactly identical!
WARNING: Sequences 51896012_Mus_musculus and 74199026_Mus_musculus are exactly identical!
WARNING: Sequences 51896012_Mus_musculus and 74219068_Mus_musculus are exactly identical!
WARNING: Sequences 51896012_Mus_musculus and 599045083_Mus_musculus are exactly identical!
WARNING: Sequences 51896012_Mus_musculus and 158186641_Mus_musculus are exactly identical!
WARNING: Sequences 805822601_Megachile_rotundata and 805822599_Megachile_rotundata are exactly identical!
WARNING: Sequences 805822601_Megachile_rotundata and 805822597_Megachile_rotundata are exactly identical!
WARNING: Sequences 328713075_Acyrthosiphon_pisum and 328713081_Acyrthosiphon_pisum are exactly identical!
WARNING: Sequences 939251219_Cimex_lectularius and 939251213_Cimex_lectularius are exactly identical!
WARNING: Sequences 752873434_Camponotus_floridanus and 752873436_Camponotus_floridanus are exactly identical!
WARNING: Sequences 780614979_Wasmannia_auropunctata and 780614971_Wasmannia_auropunctata are exactly identical!
WARNING: Sequences 795077851_Vollenhovia_emeryi and 795077846_Vollenhovia_emeryi are exactly identical!
WARNING: Sequences 345488428_Nasonia_vitripennis and 645028860_Nasonia_vitripennis are exactly identical!
WARNING: Sequences 674572911_Echinococcus_multilocularis and 576694631_Echinococcus_granulosus are exactly identical!
WARNING: Sequences 908500486_Biomphalaria_glabrata and 908500490_Biomphalaria_glabrata are exactly identical!
WARNING: Sequences 674054754_Nannospalax_galili and 674054756_Nannospalax_galili are exactly identical!
WARNING: Sequences 674054754_Nannospalax_galili and 674054762_Nannospalax_galili are exactly identical!
WARNING: Sequences 674054758_Nannospalax_galili and 674054760_Nannospalax_galili are exactly identical!
WARNING: Sequences 591369940_Chelonia_mydas and 558204333_Pelodiscus_sinensis are exactly identical!
WARNING: Sequences 591369938_Chelonia_mydas and 558204329_Pelodiscus_sinensis are exactly identical!
WARNING: Sequences 591369938_Chelonia_mydas and 530635596_Chrysemys_picta are exactly identical!
WARNING: Sequences 821459493_Sarcophilus_harrisii and 611979509_Monodelphis_domestica are exactly identical!
WARNING: Sequences 958676901_Equus_asinus and 664762112_Equus_przewalskii are exactly identical!
WARNING: Sequences 958676901_Equus_asinus and 664762116_Equus_przewalskii are exactly identical!
WARNING: Sequences 958676901_Equus_asinus and 928169266_Canis_lupus are exactly identical!
WARNING: Sequences 958676901_Equus_asinus and 859773654_Mustela_putorius are exactly identical!
WARNING: Sequences 958676904_Equus_asinus and 744560377_Camelus_dromedarius are exactly identical!
WARNING: Sequences 958676904_Equus_asinus and 545541010_Canis_lupus are exactly identical!
WARNING: Sequences 958676904_Equus_asinus and 586980469_Felis_catus are exactly identical!
WARNING: Sequences 958676904_Equus_asinus and 591302387_Panthera_tigris are exactly identical!
WARNING: Sequences 594675117_Balaenoptera_acutorostrata and 594675115_Balaenoptera_acutorostrata are exactly identical!
WARNING: Sequences 632940183_Callorhinchus_milii and 632940189_Callorhinchus_milii are exactly identical!
WARNING: Sequences 683460478_Podiceps_cristatus and 677148094_Chlamydotis_undulata are exactly identical!
WARNING: Sequences 683460478_Podiceps_cristatus and 677482791_Phaethon_lepturus are exactly identical!
WARNING: Sequences 683460478_Podiceps_cristatus and 677222896_Cathartes_aura are exactly identical!
WARNING: Sequences 679005634_Eurypyga_helias and 677078746_Colius_striatus are exactly identical!
WARNING: Sequences 679005634_Eurypyga_helias and 733883089_Meleagris_gallopavo are exactly identical!
WARNING: Sequences 679005634_Eurypyga_helias and 677397196_Leptosomus_discolor are exactly identical!
WARNING: Sequences 471364069_Trichechus_manatus and 471364063_Trichechus_manatus are exactly identical!
WARNING: Sequences 507538649_Jaculus_jaculus and 593751832_Physeter_catodon are exactly identical!
WARNING: Sequences 507538649_Jaculus_jaculus and 593751830_Physeter_catodon are exactly identical!
WARNING: Sequences 507538649_Jaculus_jaculus and 593751836_Physeter_catodon are exactly identical!
WARNING: Sequences 507538649_Jaculus_jaculus and 344273171_Loxodonta_africana are exactly identical!
WARNING: Sequences 507538649_Jaculus_jaculus and 332826415_Pan_troglodytes are exactly identical!
WARNING: Sequences 507538649_Jaculus_jaculus and 795591742_Cercocebus_atys are exactly identical!
WARNING: Sequences 507538649_Jaculus_jaculus and 426359918_Gorilla_gorilla are exactly identical!
WARNING: Sequences 507538649_Jaculus_jaculus and 560960041_Vicugna_pacos are exactly identical!
WARNING: Sequences 507538649_Jaculus_jaculus and 594674536_Balaenoptera_acutorostrata are exactly identical!
WARNING: Sequences 507538649_Jaculus_jaculus and 528760552_Camelus_ferus are exactly identical!
WARNING: Sequences 507538649_Jaculus_jaculus and 593751834_Physeter_catodon are exactly identical!
WARNING: Sequences 507538649_Jaculus_jaculus and 149060896_Rattus_norvegicus are exactly identical!
WARNING: Sequences 507538649_Jaculus_jaculus and 685558545_Papio_anubis are exactly identical!
WARNING: Sequences 507538649_Jaculus_jaculus and 685558547_Papio_anubis are exactly identical!
WARNING: Sequences 507538649_Jaculus_jaculus and 466062283_Orcinus_orca are exactly identical!
WARNING: Sequences 507538649_Jaculus_jaculus and 731464873_Loxodonta_africana are exactly identical!
WARNING: Sequences 507538649_Jaculus_jaculus and 795591682_Cercocebus_atys are exactly identical!
WARNING: Sequences 507538649_Jaculus_jaculus and 731212391_Fukomys_damarensis are exactly identical!
WARNING: Sequences 507538649_Jaculus_jaculus and 585640636_Elephantulus_edwardii are exactly identical!
WARNING: Sequences 507538649_Jaculus_jaculus and 685558553_Papio_anubis are exactly identical!
WARNING: Sequences 507538649_Jaculus_jaculus and 685558551_Papio_anubis are exactly identical!
WARNING: Sequences 507538649_Jaculus_jaculus and 725604015_Saimiri_boliviensis are exactly identical!
WARNING: Sequences 507538649_Jaculus_jaculus and 256418999_Homo_sapiens are exactly identical!
WARNING: Sequences 507538649_Jaculus_jaculus and 641718019_Eptesicus_fuscus are exactly identical!
WARNING: Sequences 507538649_Jaculus_jaculus and 16307507_Mus_musculus are exactly identical!
WARNING: Sequences 507538649_Jaculus_jaculus and 625288121_Cricetulus_griseus are exactly identical!
WARNING: Sequences 507538649_Jaculus_jaculus and 586458712_Chrysochloris_asiatica are exactly identical!
WARNING: Sequences 507538649_Jaculus_jaculus and 149060895_Rattus_norvegicus are exactly identical!
WARNING: Sequences 507538649_Jaculus_jaculus and 685558557_Papio_anubis are exactly identical!
WARNING: Sequences 507538649_Jaculus_jaculus and 625223320_Cricetulus_griseus are exactly identical!
WARNING: Sequences 507538649_Jaculus_jaculus and 634892583_Orycteropus_afer are exactly identical!
WARNING: Sequences 507538649_Jaculus_jaculus and 635048704_Chlorocebus_sabaeus are exactly identical!
WARNING: Sequences 507538649_Jaculus_jaculus and 685558555_Papio_anubis are exactly identical!
WARNING: Sequences 443609753_Penaeus_monodon and 328905029_Litopenaeus_vannamei are exactly identical!
WARNING: Sequences 443609753_Penaeus_monodon and 195971116_Fenneropenaeus_chinensis are exactly identical!
WARNING: Sequences 443609753_Penaeus_monodon and 221328528_Fenneropenaeus_chinensis are exactly identical!
WARNING: Sequences 443609753_Penaeus_monodon and 332271591_Marsupenaeus_japonicus are exactly identical!
WARNING: Sequences 443609753_Penaeus_monodon and 332271593_Marsupenaeus_japonicus are exactly identical!
WARNING: Sequences 936700147_Trichogramma_pretiosum and 936700145_Trichogramma_pretiosum are exactly identical!
WARNING: Sequences 817212898_Orussus_abietinus and 817212902_Orussus_abietinus are exactly identical!
WARNING: Sequences 817212898_Orussus_abietinus and 817212906_Orussus_abietinus are exactly identical!
WARNING: Sequences 939687167_Microplitis_demolitor and 939687179_Microplitis_demolitor are exactly identical!
WARNING: Sequences 939687167_Microplitis_demolitor and 939687175_Microplitis_demolitor are exactly identical!
WARNING: Sequences 939687167_Microplitis_demolitor and 939687171_Microplitis_demolitor are exactly identical!
WARNING: Sequences 808133258_Bombus_terrestris and 808133260_Bombus_terrestris are exactly identical!
WARNING: Sequences 808133258_Bombus_terrestris and 340721164_Bombus_terrestris are exactly identical!
WARNING: Sequences 380016563_Apis_florea and 350399379_Bombus_impatiens are exactly identical!
WARNING: Sequences 380016563_Apis_florea and 572314762_Apis_dorsata are exactly identical!
WARNING: Sequences 380016563_Apis_florea and 572314760_Apis_dorsata are exactly identical!
WARNING: Sequences 380016563_Apis_florea and 820843403_Apis_florea are exactly identical!
WARNING: Sequences 380016563_Apis_florea and 572314758_Apis_dorsata are exactly identical!
WARNING: Sequences 380016563_Apis_florea and 815897006_Bombus_impatiens are exactly identical!
WARNING: Sequences 380016563_Apis_florea and 815897004_Bombus_impatiens are exactly identical!
WARNING: Sequences 380016563_Apis_florea and 571558909_Apis_mellifera are exactly identical!
WARNING: Sequences 380016563_Apis_florea and 571558905_Apis_mellifera are exactly identical!
WARNING: Sequences 380016563_Apis_florea and 571558902_Apis_mellifera are exactly identical!
WARNING: Sequences 380016563_Apis_florea and 572314754_Apis_dorsata are exactly identical!
WARNING: Sequences 380016563_Apis_florea and 571558915_Apis_mellifera are exactly identical!
WARNING: Sequences 815802918_Linepithema_humile and 815802922_Linepithema_humile are exactly identical!
WARNING: Sequences 815802918_Linepithema_humile and 815802920_Linepithema_humile are exactly identical!
WARNING: Sequences 805763731_Megachile_rotundata and 805763740_Megachile_rotundata are exactly identical!
WARNING: Sequences 805763731_Megachile_rotundata and 805763743_Megachile_rotundata are exactly identical!
WARNING: Sequences 805763731_Megachile_rotundata and 805763746_Megachile_rotundata are exactly identical!
WARNING: Sequences 805763731_Megachile_rotundata and 805763727_Megachile_rotundata are exactly identical!
WARNING: Sequences 805763731_Megachile_rotundata and 805763724_Megachile_rotundata are exactly identical!
WARNING: Sequences 751223048_Solenopsis_invicta and 751223054_Solenopsis_invicta are exactly identical!
WARNING: Sequences 751223048_Solenopsis_invicta and 751223052_Solenopsis_invicta are exactly identical!
WARNING: Sequences 751223048_Solenopsis_invicta and 751223050_Solenopsis_invicta are exactly identical!
WARNING: Sequences 795047998_Vollenhovia_emeryi and 795047991_Vollenhovia_emeryi are exactly identical!
WARNING: Sequences 746835616_Acromyrmex_echinatior and 746835618_Acromyrmex_echinatior are exactly identical!
WARNING: Sequences 746835616_Acromyrmex_echinatior and 332029664_Acromyrmex_echinatior are exactly identical!
WARNING: Sequences 746835616_Acromyrmex_echinatior and 801393105_Atta_cephalotes are exactly identical!
WARNING: Sequences 746835616_Acromyrmex_echinatior and 746835622_Acromyrmex_echinatior are exactly identical!
WARNING: Sequences 746835616_Acromyrmex_echinatior and 746835620_Acromyrmex_echinatior are exactly identical!
WARNING: Sequences 749731266_Harpegnathos_saltator and 749731264_Harpegnathos_saltator are exactly identical!
WARNING: Sequences 749731266_Harpegnathos_saltator and 749731262_Harpegnathos_saltator are exactly identical!
WARNING: Sequences 749731266_Harpegnathos_saltator and 951572960_Dinoponera_quadriceps are exactly identical!
WARNING: Sequences 749731266_Harpegnathos_saltator and 861638580_Lasius_niger are exactly identical!
WARNING: Sequences 749731266_Harpegnathos_saltator and 759034630_Cerapachys_biroi are exactly identical!
WARNING: Sequences 749731266_Harpegnathos_saltator and 752889226_Camponotus_floridanus are exactly identical!
WARNING: Sequences 749731266_Harpegnathos_saltator and 769854144_Pogonomyrmex_barbatus are exactly identical!
WARNING: Sequences 749731266_Harpegnathos_saltator and 769854142_Pogonomyrmex_barbatus are exactly identical!
WARNING: Sequences 749731266_Harpegnathos_saltator and 951572955_Dinoponera_quadriceps are exactly identical!
WARNING: Sequences 749731266_Harpegnathos_saltator and 780633528_Wasmannia_auropunctata are exactly identical!
WARNING: Sequences 749731266_Harpegnathos_saltator and 759034628_Cerapachys_biroi are exactly identical!
WARNING: Sequences 749731266_Harpegnathos_saltator and 951572957_Dinoponera_quadriceps are exactly identical!
WARNING: Sequences 749731266_Harpegnathos_saltator and 752889230_Camponotus_floridanus are exactly identical!
WARNING: Sequences 749731266_Harpegnathos_saltator and 769854138_Pogonomyrmex_barbatus are exactly identical!
WARNING: Sequences 749731266_Harpegnathos_saltator and 780633523_Wasmannia_auropunctata are exactly identical!
WARNING: Sequences 826422970_Monomorium_pharaonis and 826422968_Monomorium_pharaonis are exactly identical!
WARNING: Sequences 817080930_Athalia_rosae and 817080926_Athalia_rosae are exactly identical!
WARNING: Sequences 817080930_Athalia_rosae and 817080924_Athalia_rosae are exactly identical!
WARNING: Sequences 817080930_Athalia_rosae and 817080922_Athalia_rosae are exactly identical!
WARNING: Sequences 817080930_Athalia_rosae and 817080928_Athalia_rosae are exactly identical!
WARNING: Sequences 645013540_Nasonia_vitripennis and 645013546_Nasonia_vitripennis are exactly identical!
WARNING: Sequences 910322721_Papilio_xuthus and 909576486_Papilio_polytes are exactly identical!
WARNING: Sequences 910322721_Papilio_xuthus and 909576488_Papilio_polytes are exactly identical!
WARNING: Sequences 910322721_Papilio_xuthus and 943950282_Papilio_machaon are exactly identical!
WARNING: Sequences 910322721_Papilio_xuthus and 910322717_Papilio_xuthus are exactly identical!
WARNING: Sequences 910322721_Papilio_xuthus and 910322719_Papilio_xuthus are exactly identical!
WARNING: Sequences 910322721_Papilio_xuthus and 909576490_Papilio_polytes are exactly identical!
WARNING: Sequences 910322721_Papilio_xuthus and 930655349_Papilio_xuthus are exactly identical!
WARNING: Sequences 567975297_Spodoptera_litura and 528466193_Spodoptera_frugiperda are exactly identical!
WARNING: Sequences 913305699_Amyelois_transitella and 768439234_Plutella_xylostella are exactly identical!
WARNING: Sequences 913305699_Amyelois_transitella and 913305697_Amyelois_transitella are exactly identical!
WARNING: Sequences 913305699_Amyelois_transitella and 913305695_Amyelois_transitella are exactly identical!
WARNING: Sequences 827559746_Bombyx_mori and 827559750_Bombyx_mori are exactly identical!
WARNING: Sequences 827559748_Bombyx_mori and 827559756_Bombyx_mori are exactly identical!
WARNING: Sequences 827559752_Bombyx_mori and 827559754_Bombyx_mori are exactly identical!
WARNING: Sequences 939279253_Cimex_lectularius and 939279251_Cimex_lectularius are exactly identical!
WARNING: Sequences 19921250_Drosophila_melanogaster and 665407870_Drosophila_melanogaster are exactly identical!
WARNING: Sequences 19921250_Drosophila_melanogaster and 945211915_Drosophila_erecta are exactly identical!
WARNING: Sequences 19921250_Drosophila_melanogaster and 85724940_Drosophila_melanogaster are exactly identical!
WARNING: Sequences 19921250_Drosophila_melanogaster and 195472607_Drosophila_yakuba are exactly identical!
WARNING: Sequences 19921250_Drosophila_melanogaster and 320545024_Drosophila_melanogaster are exactly identical!
WARNING: Sequences 19921250_Drosophila_melanogaster and 948551523_Drosophila_yakuba are exactly identical!
WARNING: Sequences 19921250_Drosophila_melanogaster and 194860648_Drosophila_erecta are exactly identical!
WARNING: Sequences 946590986_Drosophila_mojavensis and 195115174_Drosophila_mojavensis are exactly identical!
WARNING: Sequences 195434256_Drosophila_willistoni and 946582213_Drosophila_willistoni are exactly identical!
WARNING: Sequences 751469320_Bactrocera_cucurbitae and 751469322_Bactrocera_cucurbitae are exactly identical!
WARNING: Sequences 751469320_Bactrocera_cucurbitae and 929346358_Bactrocera_oleae are exactly identical!
WARNING: Sequences 751469320_Bactrocera_cucurbitae and 929346356_Bactrocera_oleae are exactly identical!
WARNING: Sequences 751469320_Bactrocera_cucurbitae and 751781356_Bactrocera_dorsalis are exactly identical!
WARNING: Sequences 751469320_Bactrocera_cucurbitae and 751781358_Bactrocera_dorsalis are exactly identical!
WARNING: Sequences 91091212_Tribolium_castaneum and 642936428_Tribolium_castaneum are exactly identical!
WARNING: Sequences 749206381_Aedes_aegypti and 157119564_Aedes_aegypti are exactly identical!
WARNING: Sequences 749206381_Aedes_aegypti and 170037189_Culex_quinquefasciatus are exactly identical!
WARNING: Sequences 542228064_Oreochromis_niloticus and 542228066_Oreochromis_niloticus are exactly identical!
WARNING: Sequences 542228064_Oreochromis_niloticus and 542228068_Oreochromis_niloticus are exactly identical!
WARNING: Sequences 542228064_Oreochromis_niloticus and 348519647_Oreochromis_niloticus are exactly identical!
WARNING: Sequences 499012871_Maylandia_zebra and 583986528_Neolamprologus_brichardi are exactly identical!
WARNING: Sequences 499012871_Maylandia_zebra and 583986530_Neolamprologus_brichardi are exactly identical!
WARNING: Sequences 499012871_Maylandia_zebra and 548342156_Pundamilia_nyererei are exactly identical!
WARNING: Sequences 929302656_Salmo_salar and 642109565_Oncorhynchus_mykiss are exactly identical!
WARNING: Sequences 831318365_Clupea_harengus and 831318363_Clupea_harengus are exactly identical!
WARNING: Sequences 148235737_Danio_rerio and 528489092_Danio_rerio are exactly identical!
WARNING: Sequences 148235737_Danio_rerio and 169146118_Danio_rerio are exactly identical!
WARNING: Sequences 597789253_Astyanax_mexicanus and 597789251_Astyanax_mexicanus are exactly identical!
WARNING: Sequences 355786187_Macaca_fascicularis and 109097111_Macaca_mulatta are exactly identical!
WARNING: Sequences 513013677_Heterocephalus_glaber and 351699987_Heterocephalus_glaber are exactly identical!
WARNING: Sequences 513013677_Heterocephalus_glaber and 731243681_Fukomys_damarensis are exactly identical!
WARNING: Sequences 513013677_Heterocephalus_glaber and 676273285_Fukomys_damarensis are exactly identical!
WARNING: Sequences 584081601_Myotis_davidii and 584081603_Myotis_davidii are exactly identical!
WARNING: Sequences 584081601_Myotis_davidii and 558101108_Myotis_lucifugus are exactly identical!
WARNING: Sequences 584081601_Myotis_davidii and 641697091_Eptesicus_fuscus are exactly identical!
WARNING: Sequences 586997445_Felis_catus and 507553116_Jaculus_jaculus are exactly identical!
WARNING: Sequences 586997445_Felis_catus and 625244431_Cricetulus_griseus are exactly identical!
WARNING: Sequences 586997445_Felis_catus and 114052769_Bos_taurus are exactly identical!
WARNING: Sequences 586997445_Felis_catus and 507926560_Condylura_cristata are exactly identical!
WARNING: Sequences 586997445_Felis_catus and 426337866_Gorilla_gorilla are exactly identical!
WARNING: Sequences 586997445_Felis_catus and 803017554_Ovis_aries are exactly identical!
WARNING: Sequences 586997445_Felis_catus and 525344700_Pan_troglodytes are exactly identical!
WARNING: Sequences 586997445_Felis_catus and 62897775_Homo_sapiens are exactly identical!
WARNING: Sequences 586997445_Felis_catus and 488583000_Dasypus_novemcinctus are exactly identical!
WARNING: Sequences 586997445_Felis_catus and 617651929_Erinaceus_europaeus are exactly identical!
WARNING: Sequences 586997445_Felis_catus and 488583008_Dasypus_novemcinctus are exactly identical!
WARNING: Sequences 586997445_Felis_catus and 556771494_Pantholops_hodgsonii are exactly identical!
WARNING: Sequences 586997445_Felis_catus and 955509679_Ceratotherium_simum are exactly identical!
WARNING: Sequences 586997445_Felis_catus and 74004908_Canis_lupus are exactly identical!
WARNING: Sequences 586997445_Felis_catus and 545191414_Equus_caballus are exactly identical!
WARNING: Sequences 586997445_Felis_catus and 634820801_Orycteropus_afer are exactly identical!
WARNING: Sequences 586997445_Felis_catus and 354477724_Cricetulus_griseus are exactly identical!
WARNING: Sequences 586997445_Felis_catus and 594685962_Balaenoptera_acutorostrata are exactly identical!
WARNING: Sequences 586997445_Felis_catus and 759094388_Pteropus_vampyrus are exactly identical!
WARNING: Sequences 586997445_Felis_catus and 4505581_Homo_sapiens are exactly identical!
WARNING: Sequences 586997445_Felis_catus and 560937651_Camelus_ferus are exactly identical!
WARNING: Sequences 586997445_Felis_catus and 470597677_Tursiops_truncatus are exactly identical!
WARNING: Sequences 586997445_Felis_catus and 670988807_Ursus_maritimus are exactly identical!
WARNING: Sequences 586997445_Felis_catus and 30584929_synthetic_construct are exactly identical!
WARNING: Sequences 586997445_Felis_catus and 426337864_Gorilla_gorilla are exactly identical!
WARNING: Sequences 586997445_Felis_catus and 755499566_Mus_musculus are exactly identical!
WARNING: Sequences 586997445_Felis_catus and 823670842_synthetic_construct are exactly identical!
WARNING: Sequences 586997445_Felis_catus and 591315150_Panthera_tigris are exactly identical!
WARNING: Sequences 586997445_Felis_catus and 478504874_Ceratotherium_simum are exactly identical!
WARNING: Sequences 586997445_Felis_catus and 674090979_Nannospalax_galili are exactly identical!
WARNING: Sequences 586997445_Felis_catus and 829872113_Microcebus_murinus are exactly identical!
WARNING: Sequences 586997445_Felis_catus and 488583004_Dasypus_novemcinctus are exactly identical!
WARNING: Sequences 586997445_Felis_catus and 488583002_Dasypus_novemcinctus are exactly identical!
WARNING: Sequences 586997445_Felis_catus and 532077864_Ictidomys_tridecemlineatus are exactly identical!
WARNING: Sequences 586997445_Felis_catus and 62901980_synthetic_construct are exactly identical!
WARNING: Sequences 586997445_Felis_catus and 465995163_Orcinus_orca are exactly identical!
WARNING: Sequences 586997445_Felis_catus and 291391824_Oryctolagus_cuniculus are exactly identical!
WARNING: Sequences 586997445_Felis_catus and 634820809_Orycteropus_afer are exactly identical!
WARNING: Sequences 586997445_Felis_catus and 686709263_Pongo_abelii are exactly identical!
WARNING: Sequences 586997445_Felis_catus and 743728426_Camelus_bactrianus are exactly identical!
WARNING: Sequences 586997445_Felis_catus and 472368536_Odobenus_rosmarus are exactly identical!
WARNING: Sequences 586997445_Felis_catus and 67078460_Rattus_norvegicus are exactly identical!
WARNING: Sequences 586997445_Felis_catus and 6755162_Mus_musculus are exactly identical!
WARNING: Sequences 586997445_Felis_catus and 586532816_Pteropus_alecto are exactly identical!
WARNING: Sequences 586997445_Felis_catus and 817312624_Aotus_nancymaae are exactly identical!
WARNING: Sequences 586997445_Felis_catus and 724803373_Rhinopithecus_roxellana are exactly identical!
WARNING: Sequences 586997445_Felis_catus and 395837199_Otolemur_garnettii are exactly identical!
WARNING: Sequences 586997445_Felis_catus and 655828135_Oryctolagus_cuniculus are exactly identical!
WARNING: Sequences 586997445_Felis_catus and 640794981_Tarsius_syrichta are exactly identical!
WARNING: Sequences 586997445_Felis_catus and 504127077_Ochotona_princeps are exactly identical!
WARNING: Sequences 586997445_Felis_catus and 742201786_Bison_bison are exactly identical!
WARNING: Sequences 586997445_Felis_catus and 504127079_Ochotona_princeps are exactly identical!
WARNING: Sequences 586997445_Felis_catus and 488583010_Dasypus_novemcinctus are exactly identical!
WARNING: Sequences 586997445_Felis_catus and 488583012_Dasypus_novemcinctus are exactly identical!
WARNING: Sequences 586997445_Felis_catus and 395837197_Otolemur_garnettii are exactly identical!
WARNING: Sequences 586997445_Felis_catus and 149022336_Rattus_norvegicus are exactly identical!
WARNING: Sequences 586997445_Felis_catus and 532005667_Microtus_ochrogaster are exactly identical!
WARNING: Sequences 586997445_Felis_catus and 507658462_Octodon_degus are exactly identical!
WARNING: Sequences 586997445_Felis_catus and 524921838_Mesocricetus_auratus are exactly identical!
WARNING: Sequences 586997445_Felis_catus and 213417911_Homo_sapiens are exactly identical!
WARNING: Sequences 586997445_Felis_catus and 213417919_Homo_sapiens are exactly identical!
WARNING: Sequences 586997445_Felis_catus and 348585626_Cavia_porcellus are exactly identical!
WARNING: Sequences 586997445_Felis_catus and 795174534_Colobus_angolensis are exactly identical!
WARNING: Sequences 586997445_Felis_catus and 594071576_Bubalus_bubalis are exactly identical!
WARNING: Sequences 586997445_Felis_catus and 488583006_Dasypus_novemcinctus are exactly identical!
WARNING: Sequences 586997445_Felis_catus and 301766900_Ailuropoda_melanoleuca are exactly identical!
WARNING: Sequences 586997445_Felis_catus and 344252498_Cricetulus_griseus are exactly identical!
WARNING: Sequences 586997445_Felis_catus and 725553483_Saimiri_boliviensis are exactly identical!
WARNING: Sequences 586997445_Felis_catus and 281352310_Ailuropoda_melanoleuca are exactly identical!
WARNING: Sequences 586997445_Felis_catus and 755499568_Mus_musculus are exactly identical!
WARNING: Sequences 586997445_Felis_catus and 731459218_Loxodonta_africana are exactly identical!
WARNING: Sequences 530600341_Chrysemys_picta and 530600343_Chrysemys_picta are exactly identical!
WARNING: Sequences 617579689_Erinaceus_europaeus and 617579685_Erinaceus_europaeus are exactly identical!
WARNING: Sequences 470656914_Tursiops_truncatus and 470656912_Tursiops_truncatus are exactly identical!
WARNING: Sequences 470656914_Tursiops_truncatus and 562883246_Tupaia_chinensis are exactly identical!
WARNING: Sequences 470656914_Tursiops_truncatus and 472373596_Odobenus_rosmarus are exactly identical!
WARNING: Sequences 470656914_Tursiops_truncatus and 472373598_Odobenus_rosmarus are exactly identical!
WARNING: Sequences 470656914_Tursiops_truncatus and 533167157_Chinchilla_lanigera are exactly identical!
WARNING: Sequences 470656914_Tursiops_truncatus and 395835025_Otolemur_garnettii are exactly identical!
WARNING: Sequences 470656914_Tursiops_truncatus and 947348733_Tupaia_chinensis are exactly identical!
WARNING: Sequences 470656914_Tursiops_truncatus and 533167161_Chinchilla_lanigera are exactly identical!
WARNING: Sequences 470656914_Tursiops_truncatus and 533167163_Chinchilla_lanigera are exactly identical!
WARNING: Sequences 470656914_Tursiops_truncatus and 532078670_Ictidomys_tridecemlineatus are exactly identical!
WARNING: Sequences 470656914_Tursiops_truncatus and 164448622_Bos_taurus are exactly identical!
WARNING: Sequences 470656914_Tursiops_truncatus and 826269822_Propithecus_coquereli are exactly identical!
WARNING: Sequences 470656914_Tursiops_truncatus and 831227183_Otolemur_garnettii are exactly identical!
WARNING: Sequences 470656914_Tursiops_truncatus and 859914550_Mustela_putorius are exactly identical!
WARNING: Sequences 470656914_Tursiops_truncatus and 560961361_Vicugna_pacos are exactly identical!
WARNING: Sequences 470656914_Tursiops_truncatus and 593740539_Physeter_catodon are exactly identical!
WARNING: Sequences 470656914_Tursiops_truncatus and 471366980_Trichechus_manatus are exactly identical!
WARNING: Sequences 470656914_Tursiops_truncatus and 488552174_Dasypus_novemcinctus are exactly identical!
WARNING: Sequences 470656914_Tursiops_truncatus and 488552176_Dasypus_novemcinctus are exactly identical!
WARNING: Sequences 470656914_Tursiops_truncatus and 403296815_Saimiri_boliviensis are exactly identical!
WARNING: Sequences 470656914_Tursiops_truncatus and 675679649_Callithrix_jacchus are exactly identical!
WARNING: Sequences 470656914_Tursiops_truncatus and 560912408_Camelus_ferus are exactly identical!
WARNING: Sequences 470656914_Tursiops_truncatus and 585651929_Elephantulus_edwardii are exactly identical!
WARNING: Sequences 470656914_Tursiops_truncatus and 725595466_Saimiri_boliviensis are exactly identical!
WARNING: Sequences 470656914_Tursiops_truncatus and 545825386_Sus_scrofa are exactly identical!
WARNING: Sequences 470656914_Tursiops_truncatus and 19743838_Homo_sapiens are exactly identical!
WARNING: Sequences 470656914_Tursiops_truncatus and 296211840_Callithrix_jacchus are exactly identical!
WARNING: Sequences 470656914_Tursiops_truncatus and 594662687_Balaenoptera_acutorostrata are exactly identical!
WARNING: Sequences 470656914_Tursiops_truncatus and 594662685_Balaenoptera_acutorostrata are exactly identical!
WARNING: Sequences 470656914_Tursiops_truncatus and 634872311_Orycteropus_afer are exactly identical!
WARNING: Sequences 470656914_Tursiops_truncatus and 634872314_Orycteropus_afer are exactly identical!
WARNING: Sequences 470656914_Tursiops_truncatus and 829723841_Microcebus_murinus are exactly identical!
WARNING: Sequences 470656914_Tursiops_truncatus and 829723846_Microcebus_murinus are exactly identical!
WARNING: Sequences 470656914_Tursiops_truncatus and 641700851_Eptesicus_fuscus are exactly identical!
WARNING: Sequences 470656914_Tursiops_truncatus and 440900674_Bos_mutus are exactly identical!
WARNING: Sequences 470656914_Tursiops_truncatus and 560912404_Camelus_ferus are exactly identical!
WARNING: Sequences 470656914_Tursiops_truncatus and 946637595_Camelus_ferus are exactly identical!
WARNING: Sequences 470656914_Tursiops_truncatus and 7412848_Homo_sapiens are exactly identical!
WARNING: Sequences 470656914_Tursiops_truncatus and 593740541_Physeter_catodon are exactly identical!
WARNING: Sequences 470656914_Tursiops_truncatus and 113912024_Bos_taurus are exactly identical!
WARNING: Sequences 470656914_Tursiops_truncatus and 817271419_Aotus_nancymaae are exactly identical!
WARNING: Sequences 470656914_Tursiops_truncatus and 466030928_Orcinus_orca are exactly identical!
WARNING: Sequences 470656914_Tursiops_truncatus and 724877092_Rhinopithecus_roxellana are exactly identical!
WARNING: Sequences 470656914_Tursiops_truncatus and 507671426_Octodon_degus are exactly identical!
WARNING: Sequences 470656914_Tursiops_truncatus and 507671422_Octodon_degus are exactly identical!
WARNING: Sequences 470656914_Tursiops_truncatus and 562883244_Tupaia_chinensis are exactly identical!
WARNING: Sequences 470656914_Tursiops_truncatus and 562883242_Tupaia_chinensis are exactly identical!
WARNING: Sequences 470656914_Tursiops_truncatus and 426372757_Gorilla_gorilla are exactly identical!
WARNING: Sequences 470656914_Tursiops_truncatus and 803042759_Ovis_aries are exactly identical!
WARNING: Sequences 470656914_Tursiops_truncatus and 355786146_Macaca_fascicularis are exactly identical!
WARNING: Sequences 470656914_Tursiops_truncatus and 530400763_Homo_sapiens are exactly identical!
WARNING: Sequences 470656914_Tursiops_truncatus and 478509811_Ceratotherium_simum are exactly identical!
WARNING: Sequences 470656914_Tursiops_truncatus and 556717011_Pantholops_hodgsonii are exactly identical!
WARNING: Sequences 470656914_Tursiops_truncatus and 958719351_Equus_asinus are exactly identical!
WARNING: Sequences 470656914_Tursiops_truncatus and 533167159_Chinchilla_lanigera are exactly identical!
WARNING: Sequences 470656914_Tursiops_truncatus and 507531765_Jaculus_jaculus are exactly identical!
WARNING: Sequences 470656914_Tursiops_truncatus and 731277369_Fukomys_damarensis are exactly identical!
WARNING: Sequences 470656914_Tursiops_truncatus and 731277367_Fukomys_damarensis are exactly identical!
WARNING: Sequences 470656914_Tursiops_truncatus and 339909_Homo_sapiens are exactly identical!
WARNING: Sequences 470656914_Tursiops_truncatus and 544470211_Macaca_fascicularis are exactly identical!
WARNING: Sequences 470656914_Tursiops_truncatus and 586522264_Pteropus_alecto are exactly identical!
WARNING: Sequences 470656914_Tursiops_truncatus and 586522266_Pteropus_alecto are exactly identical!
WARNING: Sequences 470656914_Tursiops_truncatus and 107904_Homo_sapiens are exactly identical!
WARNING: Sequences 470656914_Tursiops_truncatus and 958719358_Equus_asinus are exactly identical!
WARNING: Sequences 470656914_Tursiops_truncatus and 560961359_Vicugna_pacos are exactly identical!
WARNING: Sequences 470656914_Tursiops_truncatus and 821004860_Nomascus_leucogenys are exactly identical!
WARNING: Sequences 470656914_Tursiops_truncatus and 821004862_Nomascus_leucogenys are exactly identical!
WARNING: Sequences 470656914_Tursiops_truncatus and 731457738_Loxodonta_africana are exactly identical!
WARNING: Sequences 470656914_Tursiops_truncatus and 528763305_Camelus_ferus are exactly identical!
WARNING: Sequences 470656914_Tursiops_truncatus and 426224362_Ovis_aries are exactly identical!
WARNING: Sequences 470656914_Tursiops_truncatus and 585651933_Elephantulus_edwardii are exactly identical!
WARNING: Sequences 470656914_Tursiops_truncatus and 511910512_Mustela_putorius are exactly identical!
WARNING: Sequences 470656914_Tursiops_truncatus and 19743840_Homo_sapiens are exactly identical!
WARNING: Sequences 470656914_Tursiops_truncatus and 528948518_Bos_taurus are exactly identical!
WARNING: Sequences 470656914_Tursiops_truncatus and 548465007_Capra_hircus are exactly identical!
WARNING: Sequences 470656914_Tursiops_truncatus and 548465000_Capra_hircus are exactly identical!
WARNING: Sequences 470656914_Tursiops_truncatus and 30585201_synthetic_construct are exactly identical!
WARNING: Sequences 470656914_Tursiops_truncatus and 513023143_Heterocephalus_glaber are exactly identical!
WARNING: Sequences 470656914_Tursiops_truncatus and 513023147_Heterocephalus_glaber are exactly identical!
WARNING: Sequences 470656914_Tursiops_truncatus and 731277380_Fukomys_damarensis are exactly identical!
WARNING: Sequences 470656914_Tursiops_truncatus and 731277382_Fukomys_damarensis are exactly identical!
WARNING: Sequences 470656914_Tursiops_truncatus and 149714848_Equus_caballus are exactly identical!
WARNING: Sequences 470656914_Tursiops_truncatus and 821489899_Sarcophilus_harrisii are exactly identical!
WARNING: Sequences 470656914_Tursiops_truncatus and 514472914_Cavia_porcellus are exactly identical!
WARNING: Sequences 470656914_Tursiops_truncatus and 514472916_Cavia_porcellus are exactly identical!
WARNING: Sequences 470656914_Tursiops_truncatus and 311255463_Sus_scrofa are exactly identical!
WARNING: Sequences 470656914_Tursiops_truncatus and 641700849_Eptesicus_fuscus are exactly identical!
WARNING: Sequences 470656914_Tursiops_truncatus and 594662691_Balaenoptera_acutorostrata are exactly identical!
WARNING: Sequences 470656914_Tursiops_truncatus and 829723836_Microcebus_murinus are exactly identical!
WARNING: Sequences 470656914_Tursiops_truncatus and 149714845_Equus_caballus are exactly identical!
WARNING: Sequences 470656914_Tursiops_truncatus and 859914561_Mustela_putorius are exactly identical!
WARNING: Sequences 470656914_Tursiops_truncatus and 826269825_Propithecus_coquereli are exactly identical!
WARNING: Sequences 470656914_Tursiops_truncatus and 507708369_Echinops_telfairi are exactly identical!
WARNING: Sequences 470656914_Tursiops_truncatus and 532078674_Ictidomys_tridecemlineatus are exactly identical!
WARNING: Sequences 470656914_Tursiops_truncatus and 795359859_Colobus_angolensis are exactly identical!
WARNING: Sequences 470656914_Tursiops_truncatus and 731277371_Fukomys_damarensis are exactly identical!
WARNING: Sequences 470656914_Tursiops_truncatus and 817271421_Aotus_nancymaae are exactly identical!
WARNING: Sequences 470656914_Tursiops_truncatus and 829723832_Microcebus_murinus are exactly identical!
WARNING: Sequences 470656914_Tursiops_truncatus and 335287861_Sus_scrofa are exactly identical!
WARNING: Sequences 470656914_Tursiops_truncatus and 795359854_Colobus_angolensis are exactly identical!
WARNING: Sequences 470656914_Tursiops_truncatus and 471366978_Trichechus_manatus are exactly identical!
WARNING: Sequences 470656914_Tursiops_truncatus and 514472912_Cavia_porcellus are exactly identical!
WARNING: Sequences 470656914_Tursiops_truncatus and 667243417_Galeopterus_variegatus are exactly identical!
WARNING: Sequences 470656914_Tursiops_truncatus and 667243414_Galeopterus_variegatus are exactly identical!
WARNING: Sequences 470656914_Tursiops_truncatus and 724877089_Rhinopithecus_roxellana are exactly identical!
WARNING: Sequences 470656914_Tursiops_truncatus and 402886167_Papio_anubis are exactly identical!
WARNING: Sequences 470656914_Tursiops_truncatus and 555980506_Bos_mutus are exactly identical!
WARNING: Sequences 470656914_Tursiops_truncatus and 478509809_Ceratotherium_simum are exactly identical!
WARNING: Sequences 470656914_Tursiops_truncatus and 803042762_Ovis_aries are exactly identical!
WARNING: Sequences 470656914_Tursiops_truncatus and 803042764_Ovis_aries are exactly identical!
WARNING: Sequences 470656914_Tursiops_truncatus and 635065652_Chlorocebus_sabaeus are exactly identical!
WARNING: Sequences 470656914_Tursiops_truncatus and 635065650_Chlorocebus_sabaeus are exactly identical!
WARNING: Sequences 470656914_Tursiops_truncatus and 795535901_Cercocebus_atys are exactly identical!
WARNING: Sequences 655732871_Oryctolagus_cuniculus and 281341836_Ailuropoda_melanoleuca are exactly identical!
WARNING: Sequences 655732871_Oryctolagus_cuniculus and 640785480_Tarsius_syrichta are exactly identical!
WARNING: Sequences 655732871_Oryctolagus_cuniculus and 640785482_Tarsius_syrichta are exactly identical!
WARNING: Sequences 655732871_Oryctolagus_cuniculus and 301775807_Ailuropoda_melanoleuca are exactly identical!
WARNING: Sequences 655732871_Oryctolagus_cuniculus and 591309729_Panthera_tigris are exactly identical!
WARNING: Sequences 655732871_Oryctolagus_cuniculus and 752416815_Ailuropoda_melanoleuca are exactly identical!
WARNING: Sequences 655732871_Oryctolagus_cuniculus and 752416813_Ailuropoda_melanoleuca are exactly identical!
WARNING: Sequences 655732871_Oryctolagus_cuniculus and 410964561_Felis_catus are exactly identical!
WARNING: Sequences 655732871_Oryctolagus_cuniculus and 584073543_Myotis_davidii are exactly identical!
WARNING: Sequences 655732871_Oryctolagus_cuniculus and 291389267_Oryctolagus_cuniculus are exactly identical!
WARNING: Sequences 655732871_Oryctolagus_cuniculus and 554549381_Myotis_brandtii are exactly identical!
WARNING: Sequences 655732871_Oryctolagus_cuniculus and 554549383_Myotis_brandtii are exactly identical!
WARNING: Sequences 655732871_Oryctolagus_cuniculus and 554549385_Myotis_brandtii are exactly identical!
WARNING: Sequences 655732871_Oryctolagus_cuniculus and 671024111_Ursus_maritimus are exactly identical!
WARNING: Sequences 655732871_Oryctolagus_cuniculus and 584073541_Myotis_davidii are exactly identical!
WARNING: Sequences 655732871_Oryctolagus_cuniculus and 584073545_Myotis_davidii are exactly identical!
WARNING: Sequences 655732871_Oryctolagus_cuniculus and 640785478_Tarsius_syrichta are exactly identical!
WARNING: Sequences 655732871_Oryctolagus_cuniculus and 410964557_Felis_catus are exactly identical!
WARNING: Sequences 564362061_Rattus_norvegicus and 524926294_Mesocricetus_auratus are exactly identical!
WARNING: Sequences 564362061_Rattus_norvegicus and 1737216_Mus_musculus are exactly identical!
WARNING: Sequences 564362061_Rattus_norvegicus and 166295185_Mus_musculus are exactly identical!
WARNING: Sequences 564362061_Rattus_norvegicus and 625210081_Cricetulus_griseus are exactly identical!
WARNING: Sequences 564362061_Rattus_norvegicus and 625210077_Cricetulus_griseus are exactly identical!
WARNING: Sequences 564362061_Rattus_norvegicus and 625210079_Cricetulus_griseus are exactly identical!
WARNING: Sequences 564362061_Rattus_norvegicus and 674034100_Nannospalax_galili are exactly identical!
WARNING: Sequences 564362061_Rattus_norvegicus and 568991932_Mus_musculus are exactly identical!
WARNING: Sequences 564362061_Rattus_norvegicus and 589938265_Peromyscus_maniculatus are exactly identical!
WARNING: Sequences 564362061_Rattus_norvegicus and 589938263_Peromyscus_maniculatus are exactly identical!
WARNING: Sequences 564362061_Rattus_norvegicus and 625280074_Cricetulus_griseus are exactly identical!
WARNING: Sequences 564362061_Rattus_norvegicus and 568991930_Mus_musculus are exactly identical!
WARNING: Sequences 564362061_Rattus_norvegicus and 564362063_Rattus_norvegicus are exactly identical!
WARNING: Sequences 564362061_Rattus_norvegicus and 880870604_Mesocricetus_auratus are exactly identical!
WARNING: Sequences 564362061_Rattus_norvegicus and 880870608_Mesocricetus_auratus are exactly identical!
WARNING: Sequences 564362061_Rattus_norvegicus and 77917582_Rattus_norvegicus are exactly identical!
WARNING: Sequences 564362061_Rattus_norvegicus and 674034098_Nannospalax_galili are exactly identical!
WARNING: Sequences 913498280_Microtus_ochrogaster and 532020894_Microtus_ochrogaster are exactly identical!
WARNING: Sequences 913498280_Microtus_ochrogaster and 913498282_Microtus_ochrogaster are exactly identical!
WARNING: Sequences 71895927_Xenopus_Silurana and 847100379_Xenopus_Silurana are exactly identical!
WARNING: Sequences 71895927_Xenopus_Silurana and 847100376_Xenopus_Silurana are exactly identical!
WARNING: Sequences 71895927_Xenopus_Silurana and 847100385_Xenopus_Silurana are exactly identical!
WARNING: Sequences 71895927_Xenopus_Silurana and 847100382_Xenopus_Silurana are exactly identical!
WARNING: Sequences 71895927_Xenopus_Silurana and 847100388_Xenopus_Silurana are exactly identical!
WARNING: Sequences 229891737_Xenopus_laevis and 148232429_Xenopus_laevis are exactly identical!
WARNING: Sequences 617303158_Poecilia_formosa and 658848379_Poecilia_reticulata are exactly identical!
WARNING: Sequences 617303158_Poecilia_formosa and 941772625_Xiphophorus_maculatus are exactly identical!
WARNING: Sequences 449266107_Columba_livia and 543748082_Columba_livia are exactly identical!
WARNING: Sequences 950922206_Alligator_mississippiensis and 950922203_Alligator_mississippiensis are exactly identical!
WARNING: Sequences 950922206_Alligator_mississippiensis and 944351211_Alligator_sinensis are exactly identical!
WARNING: Sequences 950922206_Alligator_mississippiensis and 950922199_Alligator_mississippiensis are exactly identical!
WARNING: Sequences 950922206_Alligator_mississippiensis and 944463289_Alligator_mississippiensis are exactly identical!
WARNING: Sequences 602666040_Python_bivittatus and 602666038_Python_bivittatus are exactly identical!
WARNING: Sequences 602666040_Python_bivittatus and 465963954_Chelonia_mydas are exactly identical!
WARNING: Sequences 602666040_Python_bivittatus and 927183312_Thamnophis_sirtalis are exactly identical!
WARNING: Sequences 602666040_Python_bivittatus and 602666042_Python_bivittatus are exactly identical!
WARNING: Sequences 602666040_Python_bivittatus and 530642142_Chrysemys_picta are exactly identical!
WARNING: Sequences 602666040_Python_bivittatus and 927183314_Thamnophis_sirtalis are exactly identical!
WARNING: Sequences 602666040_Python_bivittatus and 591382824_Chelonia_mydas are exactly identical!
WARNING: Sequences 909789043_Falco_peregrinus and 675403371_Manacus_vitellinus are exactly identical!
WARNING: Sequences 909789043_Falco_peregrinus and 541961050_Falco_cherrug are exactly identical!
WARNING: Sequences 909789043_Falco_peregrinus and 729734776_Haliaeetus_leucocephalus are exactly identical!
WARNING: Sequences 909789043_Falco_peregrinus and 768400786_Aquila_chrysaetos are exactly identical!
WARNING: Sequences 909789043_Falco_peregrinus and 768400784_Aquila_chrysaetos are exactly identical!
WARNING: Sequences 909789043_Falco_peregrinus and 929429092_Falco_cherrug are exactly identical!
WARNING: Sequences 909789043_Falco_peregrinus and 669260873_Corvus_brachyrhynchos are exactly identical!
WARNING: Sequences 573882270_Lepisosteus_oculatus and 597779661_Astyanax_mexicanus are exactly identical!
WARNING: Sequences 928022883_Austrofundulus_limnaeus and 554868767_Haplochromis_burtoni are exactly identical!
WARNING: Sequences 928022883_Austrofundulus_limnaeus and 831326935_Clupea_harengus are exactly identical!
WARNING: Sequences 928022883_Austrofundulus_limnaeus and 831326931_Clupea_harengus are exactly identical!
WARNING: Sequences 928022883_Austrofundulus_limnaeus and 929226249_Salmo_salar are exactly identical!
WARNING: Sequences 928022883_Austrofundulus_limnaeus and 768945950_Takifugu_rubripes are exactly identical!
WARNING: Sequences 928022883_Austrofundulus_limnaeus and 410920129_Takifugu_rubripes are exactly identical!
WARNING: Sequences 928022883_Austrofundulus_limnaeus and 734606514_Larimichthys_crocea are exactly identical!
WARNING: Sequences 928022883_Austrofundulus_limnaeus and 657547995_Stegastes_partitus are exactly identical!
WARNING: Sequences 928022883_Austrofundulus_limnaeus and 317418804_Dicentrarchus_labrax are exactly identical!
WARNING: Sequences 928022883_Austrofundulus_limnaeus and 657782608_Cynoglossus_semilaevis are exactly identical!
WARNING: Sequences 928022883_Austrofundulus_limnaeus and 831541665_Fundulus_heteroclitus are exactly identical!
WARNING: Sequences 928022883_Austrofundulus_limnaeus and 736306087_Notothenia_coriiceps are exactly identical!
WARNING: Sequences 928022883_Austrofundulus_limnaeus and 831326933_Clupea_harengus are exactly identical!
WARNING: Sequences 928022883_Austrofundulus_limnaeus and 742240397_Esox_lucius are exactly identical!
WARNING: Sequences 928022883_Austrofundulus_limnaeus and 742240395_Esox_lucius are exactly identical!
WARNING: Sequences 928022883_Austrofundulus_limnaeus and 929226253_Salmo_salar are exactly identical!
WARNING: Sequences 928022883_Austrofundulus_limnaeus and 41053389_Danio_rerio are exactly identical!
WARNING: Sequences 928022883_Austrofundulus_limnaeus and 908455162_Oreochromis_niloticus are exactly identical!
WARNING: Sequences 928022883_Austrofundulus_limnaeus and 432857632_Oryzias_latipes are exactly identical!
WARNING: Sequences 928022883_Austrofundulus_limnaeus and 736306091_Notothenia_coriiceps are exactly identical!
WARNING: Sequences 928022883_Austrofundulus_limnaeus and 583976253_Neolamprologus_brichardi are exactly identical!
WARNING: Sequences 939688622_Halyomorpha_halys and 939688620_Halyomorpha_halys are exactly identical!
WARNING: Sequences 755991134_Fopius_arisanus and 755991137_Fopius_arisanus are exactly identical!
WARNING: Sequences 951535379_Dinoponera_quadriceps and 951535376_Dinoponera_quadriceps are exactly identical!
WARNING: Sequences 340714833_Bombus_terrestris and 815914298_Bombus_impatiens are exactly identical!
WARNING: Sequences 805823786_Megachile_rotundata and 805823788_Megachile_rotundata are exactly identical!
WARNING: Sequences 571532763_Apis_mellifera and 572308332_Apis_dorsata are exactly identical!
WARNING: Sequences 645026502_Nasonia_vitripennis and 645026500_Nasonia_vitripennis are exactly identical!
WARNING: Sequences 645026502_Nasonia_vitripennis and 645026494_Nasonia_vitripennis are exactly identical!
WARNING: Sequences 645026502_Nasonia_vitripennis and 645026498_Nasonia_vitripennis are exactly identical!
WARNING: Duplicate sequences found: 826

NOTE: Reduced alignment (with duplicates and gap-only sites/taxa removed) 
NOTE: was saved to: /Users/haileylouw/Desktop/asr-ae/data/raxml-ng/data/drsm2_aligned_MUCSLE.fasta.raxml.reduced.phy

Alignment comprises 1 partitions and 145 sites

Partition 0: noname
Model: WAG+I+G4m
Alignment sites: 145
Gaps: 52.53 %
Invariant sites: 26.21 %


NOTE: Binary MSA file created: ./data/drsm2_aligned_MUCSLE.fasta.raxml.rba

Parallelization scheme autoconfig: 1 worker(s) x 7 thread(s)

[00:00:00] Loading user starting tree(s) from: ./data/drsm2_aligned_MUCSLE.fasta.treefile
Parallel reduction/worker buffer size: 1 KB  / 0 KB

[00:00:00] Data distribution: max. partitions/sites/weight per thread: 1 / 21 / 1680
[00:00:00] Data distribution: max. searches per worker: 1

Starting ML tree search with 1 distinct starting trees

[00:00:00] Tree #1, initial LogLikelihood: -37711.812507

[00:00:00 -37711.812507] Initial branch length optimization
[00:00:02 -32281.059136] Model parameter optimization (eps = 10.000000)

[00:00:23] Tree #1, final logLikelihood: -32232.215213


Optimized model parameters:

   Partition 0: noname
   Rate heterogeneity: GAMMA (4 cats, mean),  alpha: 1.219636 (ML),  weights&rates: (0.250000,0.178593) (0.250000,0.534099) (0.250000,1.028623) (0.250000,2.258685) 
   P-inv (ML): 0.000000
   Base frequencies (model): 0.086628 0.043972 0.039089 0.057045 0.019308 0.036728 0.058059 0.083252 0.024431 0.048466 0.086209 0.062029 0.019503 0.038432 0.045763 0.069518 0.061013 0.014386 0.035274 0.070896 
   Substitution rates (model): 0.551571 0.509848 0.738998 1.027040 0.908598 1.582850 1.416720 0.316954 0.193335 0.397915 0.906265 0.893496 0.210494 1.438550 3.370790 2.121110 0.113133 0.240735 2.006010 0.635346 0.147304 0.528191 3.035500 0.439157 0.584665 2.137150 0.186979 0.497671 5.351420 0.683162 0.102711 0.679489 1.224190 0.554413 1.163920 0.381533 0.251849 5.429420 0.265256 1.543640 0.947198 1.125560 3.956290 0.554236 0.131528 3.012010 0.198221 0.096162 0.195081 3.974230 2.030060 0.071917 1.086000 0.196246 0.030295 0.616783 6.174160 0.865584 0.930676 0.039437 0.084805 0.479855 0.103754 0.046730 0.423984 1.071760 0.374866 0.129767 0.325711 0.152335 0.098818 0.021352 0.306674 0.248972 0.170135 0.384287 0.074034 0.390482 0.398020 0.109404 1.407660 0.512984 0.717070 0.543833 1.002140 5.469470 0.330052 4.294110 0.113917 0.869489 3.894900 1.545260 0.099921 0.933372 1.028870 0.857928 0.215737 0.227710 0.301281 0.567717 0.570025 0.127395 0.154263 2.584430 0.315124 0.081134 0.682355 0.704939 0.822765 0.156557 0.196303 0.588731 0.249410 0.030450 0.061304 0.373558 0.174100 0.049931 0.243570 1.341820 0.225833 0.336983 0.103604 0.187247 0.138190 0.499462 0.890432 0.404141 0.679371 0.696198 0.740169 0.473307 0.262569 3.873440 0.118358 3.170970 0.323832 4.257460 1.059470 0.099929 0.319440 1.458160 0.212483 0.420170 7.821300 0.257555 4.854020 2.115170 0.415844 0.344739 0.326622 0.665309 0.398618 1.800340 0.934276 0.088836 0.556896 0.967130 1.386980 0.137505 0.133264 0.305434 1.190630 0.171329 0.493905 1.516120 0.515706 0.428437 2.058450 0.161444 0.545931 0.171903 1.529640 6.454280 0.649892 1.613280 0.795384 0.139405 0.216046 0.314887 4.378020 0.523742 0.786993 0.232739 0.110864 0.291148 1.388230 2.485390 0.365369 0.314730 

Marginal ancestral probabilities saved to: /Users/haileylouw/Desktop/asr-ae/data/raxml-ng/data/drsm2_aligned_MUCSLE.fasta.raxml.ancestralProbs
Reconstructed ancestral sequences saved to: /Users/haileylouw/Desktop/asr-ae/data/raxml-ng/data/drsm2_aligned_MUCSLE.fasta.raxml.ancestralStates
Node-labeled tree saved to: /Users/haileylouw/Desktop/asr-ae/data/raxml-ng/data/drsm2_aligned_MUCSLE.fasta.raxml.ancestralTree

Execution log saved to: /Users/haileylouw/Desktop/asr-ae/data/raxml-ng/data/drsm2_aligned_MUCSLE.fasta.raxml.log

Analysis started: 22-Jan-2024 11:54:56 / finished: 22-Jan-2024 11:55:23

Elapsed time: 27.102 seconds

